> tsc

Error: server/storage.ts(245,15): error TS2769: No overload matches this call.
  Overload 1 of 2, '(value: { id: string | SQL<unknown> | Placeholder<string, any>; name: string | SQL<unknown> | Placeholder<string, any>; timeValues: string[] | SQL<unknown> | Placeholder<...>; ... 9 more ...; createdBy?: string | ... 3 more ... | undefined; }): PgInsertBase<...>', gave the following error.
    Argument of type '{ id: string; name: string; timeValues: { [x: number]: string; length: number; toString: () => string; toLocaleString: { (): string; (locales: string | string[], options?: (NumberFormatOptions & DateTimeFormatOptions) | undefined): string; }; ... 37 more ...; readonly [Symbol.unscopables]: { ...; }; }; ... 8 more .....' is not assignable to parameter of type '{ id: string | SQL<unknown> | Placeholder<string, any>; name: string | SQL<unknown> | Placeholder<string, any>; timeValues: string[] | SQL<unknown> | Placeholder<string, any>; ... 9 more ...; createdBy?: string | ... 3 more ... | undefined; }'.
      Types of property 'timeValues' are incompatible.
        Type '{ [x: number]: string; length: number; toString: () => string; toLocaleString: { (): string; (locales: string | string[], options?: (NumberFormatOptions & DateTimeFormatOptions) | undefined): string; }; ... 37 more ...; readonly [Symbol.unscopables]: { ...; }; }' is not assignable to type 'string[] | SQL<unknown> | Placeholder<string, any>'.
          Type '{ [x: number]: string; length: number; toString: () => string; toLocaleString: { (): string; (locales: string | string[], options?: (NumberFormatOptions & DateTimeFormatOptions) | undefined): string; }; ... 37 more ...; readonly [Symbol.unscopables]: { ...; }; }' is not assignable to type 'string[]'.
            The types returned by 'pop()' are incompatible between these types.
              Type 'unknown' is not assignable to type 'string | undefined'.
  Overload 2 of 2, '(values: { id: string | SQL<unknown> | Placeholder<string, any>; name: string | SQL<unknown> | Placeholder<string, any>; timeValues: string[] | SQL<unknown> | Placeholder<...>; ... 9 more ...; createdBy?: string | ... 3 more ... | undefined; }[]): PgInsertBase<...>', gave the following error.
    Argument of type '{ id: string; name: string; timeValues: { [x: number]: string; length: number; toString: () => string; toLocaleString: { (): string; (locales: string | string[], options?: (NumberFormatOptions & DateTimeFormatOptions) | undefined): string; }; ... 37 more ...; readonly [Symbol.unscopables]: { ...; }; }; ... 8 more .....' is not assignable to parameter of type '{ id: string | SQL<unknown> | Placeholder<string, any>; name: string | SQL<unknown> | Placeholder<string, any>; timeValues: string[] | SQL<unknown> | Placeholder<string, any>; ... 9 more ...; createdBy?: string | ... 3 more ... | undefined; }[]'.
      Type '{ id: string; name: string; timeValues: { [x: number]: string; length: number; toString: () => string; toLocaleString: { (): string; (locales: string | string[], options?: (NumberFormatOptions & DateTimeFormatOptions) | undefined): string; }; ... 37 more ...; readonly [Symbol.unscopables]: { ...; }; }; ... 8 more .....' is missing the following properties from type '{ id: string | SQL<unknown> | Placeholder<string, any>; name: string | SQL<unknown> | Placeholder<string, any>; timeValues: string[] | SQL<unknown> | Placeholder<string, any>; ... 9 more ...; createdBy?: string | ... 3 more ... | undefined; }[]': length, pop, push, concat, and 35 more.
Error: server/vite.ts(4,10): error TS2305: Module '"vite"' has no exported member 'createServer'.
Error: server/vite.ts(4,44): error TS2305: Module '"vite"' has no exported member 'createLogger'.
Error: server/vite.ts(34,15): error TS7006: Parameter 'msg' implicitly has an 'any' type.
Error: server/vite.ts(34,20): error TS7006: Parameter 'options' implicitly has an 'any' type.
Error: vite.config.ts(1,10): error TS2305: Module '"vite"' has no exported member 'defineConfig'.
Error: Process completed with exit code 2.